*** Starting uWSGI 2.0.31 (64bit) on [Mon Feb  2 21:53:45 2026] ***
compiled with version: 12.2.0 on 02 February 2026 21:34:42
os: Linux-6.12.62+rpt-rpi-2712 #1 SMP PREEMPT Debian 1:6.12.62-1+rpt1~bookworm (2026-01-19)
nodename: jukebox
machine: aarch64
clock source: unix
detected number of CPU cores: 4
current working directory: /srv/jukebox/app
detected binary path: /srv/jukebox/app/venv/bin/uwsgi
!!! no internal routing support, rebuild with pcre support !!!
your processes number limit is 15856
your memory page size is 16384 bytes
detected max file descriptor number: 1024
lock engine: pthread robust mutexes
thunder lock: disabled (you can enable it with --thunder-lock)
uwsgi socket 0 bound to UNIX address /srv/jukebox/socket/uwsgi.sock fd 3
Python version: 3.11.2 (main, Apr 28 2025, 14:11:48) [GCC 12.2.0]
Python main interpreter initialized at 0x7fff9452fee8
python threads support enabled
your server socket listen backlog is limited to 100 connections
your mercy for graceful operations on workers is 60 seconds
mapped 667818 bytes (652 KB) for 4 cores
*** Operational MODE: preforking+threaded ***
Traceback (most recent call last):
  File "/srv/jukebox/app/wsgi.py", line 2, in <module>
    from app import app
ModuleNotFoundError: No module named 'app'
unable to load app 0 (mountpoint='') (callable not found or import error)
*** no app loaded. going in full dynamic mode ***
*** uWSGI is running in multiple interpreter mode ***
spawned uWSGI master process (pid: 8166)
spawned uWSGI worker 1 (pid: 8167, cores: 2)
spawned uWSGI worker 2 (pid: 8168, cores: 2)
Mon Feb  2 21:53:45 2026 - mem-collector thread started for worker 1
Mon Feb  2 21:53:45 2026 - mem-collector thread started for worker 2
SIGINT/SIGTERM received...killing workers...
worker 1 buried after 1 seconds
worker 2 buried after 1 seconds
goodbye to uWSGI.
VACUUM: unix socket /srv/jukebox/socket/uwsgi.sock removed.
*** Starting uWSGI 2.0.31 (64bit) on [Mon Feb  2 22:03:22 2026] ***
compiled with version: 12.2.0 on 02 February 2026 21:34:42
os: Linux-6.12.62+rpt-rpi-2712 #1 SMP PREEMPT Debian 1:6.12.62-1+rpt1~bookworm (2026-01-19)
nodename: jukebox
machine: aarch64
clock source: unix
detected number of CPU cores: 4
current working directory: /srv/jukebox/app
detected binary path: /srv/jukebox/app/venv/bin/uwsgi
!!! no internal routing support, rebuild with pcre support !!!
your processes number limit is 15856
your memory page size is 16384 bytes
detected max file descriptor number: 1024
lock engine: pthread robust mutexes
thunder lock: disabled (you can enable it with --thunder-lock)
chown(): Operation not permitted [core/utils.c line 2635]
VACUUM WARNING: unix socket /srv/jukebox/socket/uwsgi.sock changed inode. Skip removal
*** Starting uWSGI 2.0.31 (64bit) on [Mon Feb  2 22:03:22 2026] ***
compiled with version: 12.2.0 on 02 February 2026 21:34:42
os: Linux-6.12.62+rpt-rpi-2712 #1 SMP PREEMPT Debian 1:6.12.62-1+rpt1~bookworm (2026-01-19)
nodename: jukebox
machine: aarch64
clock source: unix
detected number of CPU cores: 4
current working directory: /srv/jukebox/app
detected binary path: /srv/jukebox/app/venv/bin/uwsgi
!!! no internal routing support, rebuild with pcre support !!!
your processes number limit is 15856
your memory page size is 16384 bytes
detected max file descriptor number: 1024
lock engine: pthread robust mutexes
thunder lock: disabled (you can enable it with --thunder-lock)
chown(): Operation not permitted [core/utils.c line 2635]
VACUUM WARNING: unix socket /srv/jukebox/socket/uwsgi.sock changed inode. Skip removal
*** Starting uWSGI 2.0.31 (64bit) on [Mon Feb  2 22:03:22 2026] ***
compiled with version: 12.2.0 on 02 February 2026 21:34:42
os: Linux-6.12.62+rpt-rpi-2712 #1 SMP PREEMPT Debian 1:6.12.62-1+rpt1~bookworm (2026-01-19)
nodename: jukebox
machine: aarch64
clock source: unix
detected number of CPU cores: 4
current working directory: /srv/jukebox/app
detected binary path: /srv/jukebox/app/venv/bin/uwsgi
!!! no internal routing support, rebuild with pcre support !!!
your processes number limit is 15856
your memory page size is 16384 bytes
detected max file descriptor number: 1024
lock engine: pthread robust mutexes
thunder lock: disabled (you can enable it with --thunder-lock)
chown(): Operation not permitted [core/utils.c line 2635]
VACUUM WARNING: unix socket /srv/jukebox/socket/uwsgi.sock changed inode. Skip removal
*** Starting uWSGI 2.0.31 (64bit) on [Mon Feb  2 22:03:23 2026] ***
compiled with version: 12.2.0 on 02 February 2026 21:34:42
os: Linux-6.12.62+rpt-rpi-2712 #1 SMP PREEMPT Debian 1:6.12.62-1+rpt1~bookworm (2026-01-19)
nodename: jukebox
machine: aarch64
clock source: unix
detected number of CPU cores: 4
current working directory: /srv/jukebox/app
detected binary path: /srv/jukebox/app/venv/bin/uwsgi
!!! no internal routing support, rebuild with pcre support !!!
your processes number limit is 15856
your memory page size is 16384 bytes
detected max file descriptor number: 1024
lock engine: pthread robust mutexes
thunder lock: disabled (you can enable it with --thunder-lock)
chown(): Operation not permitted [core/utils.c line 2635]
VACUUM WARNING: unix socket /srv/jukebox/socket/uwsgi.sock changed inode. Skip removal
*** Starting uWSGI 2.0.31 (64bit) on [Mon Feb  2 22:03:23 2026] ***
compiled with version: 12.2.0 on 02 February 2026 21:34:42
os: Linux-6.12.62+rpt-rpi-2712 #1 SMP PREEMPT Debian 1:6.12.62-1+rpt1~bookworm (2026-01-19)
nodename: jukebox
machine: aarch64
clock source: unix
detected number of CPU cores: 4
current working directory: /srv/jukebox/app
detected binary path: /srv/jukebox/app/venv/bin/uwsgi
!!! no internal routing support, rebuild with pcre support !!!
your processes number limit is 15856
your memory page size is 16384 bytes
detected max file descriptor number: 1024
lock engine: pthread robust mutexes
thunder lock: disabled (you can enable it with --thunder-lock)
chown(): Operation not permitted [core/utils.c line 2635]
VACUUM WARNING: unix socket /srv/jukebox/socket/uwsgi.sock changed inode. Skip removal
*** Starting uWSGI 2.0.31 (64bit) on [Mon Feb  2 22:14:45 2026] ***
compiled with version: 12.2.0 on 02 February 2026 21:34:42
os: Linux-6.12.62+rpt-rpi-2712 #1 SMP PREEMPT Debian 1:6.12.62-1+rpt1~bookworm (2026-01-19)
nodename: jukebox
machine: aarch64
clock source: unix
detected number of CPU cores: 4
current working directory: /srv/jukebox/app
detected binary path: /srv/jukebox/app/venv/bin/uwsgi
!!! no internal routing support, rebuild with pcre support !!!
your processes number limit is 15856
your memory page size is 16384 bytes
detected max file descriptor number: 1024
lock engine: pthread robust mutexes
thunder lock: disabled (you can enable it with --thunder-lock)
uwsgi socket 0 bound to UNIX address /srv/jukebox/socket/uwsgi.sock fd 3
Python version: 3.11.2 (main, Apr 28 2025, 14:11:48) [GCC 12.2.0]
Python main interpreter initialized at 0x7fffa0f5fee8
python threads support enabled
your server socket listen backlog is limited to 100 connections
your mercy for graceful operations on workers is 60 seconds
mapped 667818 bytes (652 KB) for 4 cores
*** Operational MODE: preforking+threaded ***
Traceback (most recent call last):
  File "/srv/jukebox/app/wsgi.py", line 2, in <module>
    from app import app
ModuleNotFoundError: No module named 'app'
unable to load app 0 (mountpoint='') (callable not found or import error)
*** no app loaded. going in full dynamic mode ***
*** uWSGI is running in multiple interpreter mode ***
spawned uWSGI master process (pid: 8524)
spawned uWSGI worker 1 (pid: 8525, cores: 2)
spawned uWSGI worker 2 (pid: 8526, cores: 2)
Mon Feb  2 22:14:45 2026 - mem-collector thread started for worker 1
Mon Feb  2 22:14:45 2026 - mem-collector thread started for worker 2
SIGINT/SIGTERM received...killing workers...
worker 1 buried after 1 seconds
worker 2 buried after 1 seconds
goodbye to uWSGI.
VACUUM: unix socket /srv/jukebox/socket/uwsgi.sock removed.
*** Starting uWSGI 2.0.31 (64bit) on [Mon Feb  2 22:45:16 2026] ***
compiled with version: 12.2.0 on 02 February 2026 21:34:42
os: Linux-6.12.62+rpt-rpi-2712 #1 SMP PREEMPT Debian 1:6.12.62-1+rpt1~bookworm (2026-01-19)
nodename: jukebox
machine: aarch64
clock source: unix
detected number of CPU cores: 4
current working directory: /srv/jukebox/app
detected binary path: /srv/jukebox/app/venv/bin/uwsgi
!!! no internal routing support, rebuild with pcre support !!!
your processes number limit is 15856
your memory page size is 16384 bytes
detected max file descriptor number: 1024
lock engine: pthread robust mutexes
thunder lock: disabled (you can enable it with --thunder-lock)
uwsgi socket 0 bound to UNIX address /srv/jukebox/socket/uwsgi.sock fd 3
Python version: 3.11.2 (main, Apr 28 2025, 14:11:48) [GCC 12.2.0]
Python main interpreter initialized at 0x7ffecebefee8
python threads support enabled
your server socket listen backlog is limited to 100 connections
your mercy for graceful operations on workers is 60 seconds
mapped 667818 bytes (652 KB) for 4 cores
*** Operational MODE: preforking+threaded ***
Traceback (most recent call last):
  File "/srv/jukebox/app/wsgi.py", line 2, in <module>
    from app import app
ModuleNotFoundError: No module named 'app'
unable to load app 0 (mountpoint='') (callable not found or import error)
*** no app loaded. going in full dynamic mode ***
*** uWSGI is running in multiple interpreter mode ***
spawned uWSGI master process (pid: 10329)
spawned uWSGI worker 1 (pid: 10331, cores: 2)
spawned uWSGI worker 2 (pid: 10332, cores: 2)
Mon Feb  2 22:45:16 2026 - mem-collector thread started for worker 1
Mon Feb  2 22:45:16 2026 - mem-collector thread started for worker 2
SIGINT/SIGTERM received...killing workers...
worker 1 buried after 1 seconds
worker 2 buried after 1 seconds
goodbye to uWSGI.
VACUUM: unix socket /srv/jukebox/socket/uwsgi.sock removed.
*** Starting uWSGI 2.0.31 (64bit) on [Mon Feb  2 22:45:52 2026] ***
compiled with version: 12.2.0 on 02 February 2026 21:34:42
os: Linux-6.12.62+rpt-rpi-2712 #1 SMP PREEMPT Debian 1:6.12.62-1+rpt1~bookworm (2026-01-19)
nodename: jukebox
machine: aarch64
clock source: unix
detected number of CPU cores: 4
current working directory: /srv/jukebox/app
detected binary path: /srv/jukebox/app/venv/bin/uwsgi
!!! no internal routing support, rebuild with pcre support !!!
your processes number limit is 15856
your memory page size is 16384 bytes
detected max file descriptor number: 1024
lock engine: pthread robust mutexes
thunder lock: disabled (you can enable it with --thunder-lock)
uwsgi socket 0 bound to UNIX address /srv/jukebox/socket/uwsgi.sock fd 3
Python version: 3.11.2 (main, Apr 28 2025, 14:11:48) [GCC 12.2.0]
Python main interpreter initialized at 0x7ffefea2fee8
python threads support enabled
your server socket listen backlog is limited to 100 connections
your mercy for graceful operations on workers is 60 seconds
mapped 667818 bytes (652 KB) for 4 cores
*** Operational MODE: preforking+threaded ***
Traceback (most recent call last):
  File "/srv/jukebox/app/wsgi.py", line 2, in <module>
    from app import app
ModuleNotFoundError: No module named 'app'
unable to load app 0 (mountpoint='') (callable not found or import error)
*** no app loaded. going in full dynamic mode ***
*** uWSGI is running in multiple interpreter mode ***
spawned uWSGI master process (pid: 813)
spawned uWSGI worker 1 (pid: 851, cores: 2)
spawned uWSGI worker 2 (pid: 852, cores: 2)
Mon Feb  2 22:45:52 2026 - mem-collector thread started for worker 1
Mon Feb  2 22:45:52 2026 - mem-collector thread started for worker 2
SIGINT/SIGTERM received...killing workers...
worker 1 buried after 1 seconds
worker 2 buried after 1 seconds
goodbye to uWSGI.
VACUUM: unix socket /srv/jukebox/socket/uwsgi.sock removed.
*** Starting uWSGI 2.0.31 (64bit) on [Fri Feb  6 21:34:00 2026] ***
compiled with version: 12.2.0 on 02 February 2026 21:34:42
os: Linux-6.12.62+rpt-rpi-2712 #1 SMP PREEMPT Debian 1:6.12.62-1+rpt1~bookworm (2026-01-19)
nodename: jukebox
machine: aarch64
clock source: unix
detected number of CPU cores: 4
current working directory: /srv/jukebox/app
detected binary path: /srv/jukebox/app/venv/bin/uwsgi
!!! no internal routing support, rebuild with pcre support !!!
chdir() to /srv/jukebox/app
your processes number limit is 15856
your memory page size is 16384 bytes
detected max file descriptor number: 1024
lock engine: pthread robust mutexes
thunder lock: disabled (you can enable it with --thunder-lock)
uwsgi socket 0 bound to UNIX address /srv/jukebox/socket/uwsgi.sock fd 3
Python version: 3.11.2 (main, Apr 28 2025, 14:11:48) [GCC 12.2.0]
Python main interpreter initialized at 0x7ffef084fee8
python threads support enabled
your server socket listen backlog is limited to 100 connections
your mercy for graceful operations on workers is 60 seconds
mapped 667818 bytes (652 KB) for 4 cores
*** Operational MODE: preforking+threaded ***
Traceback (most recent call last):
  File "/srv/jukebox/app/wsgi.py", line 2, in <module>
    from app import app
ModuleNotFoundError: No module named 'app'
unable to load app 0 (mountpoint='') (callable not found or import error)
  File "jbox.py", line 570
    logger.debug(f'---- {func_name()}(): track state = {track_sp['state']}')
                                                                  ^^^^^
SyntaxError: f-string: unmatched '['
failed to compile jbox.py
unable to load app 0 (mountpoint='') (callable not found or import error)
*** no app loaded. going in full dynamic mode ***
*** uWSGI is running in multiple interpreter mode ***
spawned uWSGI master process (pid: 2683)
spawned uWSGI worker 1 (pid: 2684, cores: 2)
spawned uWSGI worker 2 (pid: 2685, cores: 2)
Fri Feb  6 21:34:00 2026 - mem-collector thread started for worker 1
Fri Feb  6 21:34:00 2026 - mem-collector thread started for worker 2
SIGINT/SIGTERM received...killing workers...
worker 1 buried after 1 seconds
worker 2 buried after 1 seconds
goodbye to uWSGI.
VACUUM: unix socket /srv/jukebox/socket/uwsgi.sock removed.
*** Starting uWSGI 2.0.31 (64bit) on [Fri Feb  6 21:40:13 2026] ***
compiled with version: 12.2.0 on 02 February 2026 21:34:42
os: Linux-6.12.62+rpt-rpi-2712 #1 SMP PREEMPT Debian 1:6.12.62-1+rpt1~bookworm (2026-01-19)
nodename: jukebox
machine: aarch64
clock source: unix
detected number of CPU cores: 4
current working directory: /srv/jukebox/app
detected binary path: /srv/jukebox/app/venv/bin/uwsgi
!!! no internal routing support, rebuild with pcre support !!!
chdir() to /srv/jukebox/app
your processes number limit is 15856
your memory page size is 16384 bytes
detected max file descriptor number: 1024
lock engine: pthread robust mutexes
thunder lock: disabled (you can enable it with --thunder-lock)
uwsgi socket 0 bound to UNIX address /srv/jukebox/socket/uwsgi.sock fd 3
Python version: 3.11.2 (main, Apr 28 2025, 14:11:48) [GCC 12.2.0]
Python main interpreter initialized at 0x7fff4f1ffee8
python threads support enabled
your server socket listen backlog is limited to 100 connections
your mercy for graceful operations on workers is 60 seconds
mapped 667818 bytes (652 KB) for 4 cores
*** Operational MODE: preforking+threaded ***
Traceback (most recent call last):
  File "/srv/jukebox/app/wsgi.py", line 2, in <module>
    from app import app
ModuleNotFoundError: No module named 'app'
unable to load app 0 (mountpoint='') (callable not found or import error)
  File "jbox.py", line 570
    logger.debug(f'---- {func_name()}(): track state = {track_sp['state']}')
                                                                  ^^^^^
SyntaxError: f-string: unmatched '['
failed to compile jbox.py
unable to load app 0 (mountpoint='') (callable not found or import error)
*** no app loaded. going in full dynamic mode ***
*** uWSGI is running in multiple interpreter mode ***
spawned uWSGI master process (pid: 2812)
spawned uWSGI worker 1 (pid: 2813, cores: 2)
spawned uWSGI worker 2 (pid: 2814, cores: 2)
Fri Feb  6 21:40:13 2026 - mem-collector thread started for worker 1
Fri Feb  6 21:40:13 2026 - mem-collector thread started for worker 2
SIGINT/SIGTERM received...killing workers...
worker 1 buried after 1 seconds
worker 2 buried after 1 seconds
goodbye to uWSGI.
VACUUM: unix socket /srv/jukebox/socket/uwsgi.sock removed.
*** Starting uWSGI 2.0.31 (64bit) on [Fri Feb  6 21:41:08 2026] ***
compiled with version: 12.2.0 on 02 February 2026 21:34:42
os: Linux-6.12.62+rpt-rpi-2712 #1 SMP PREEMPT Debian 1:6.12.62-1+rpt1~bookworm (2026-01-19)
nodename: jukebox
machine: aarch64
clock source: unix
detected number of CPU cores: 4
current working directory: /srv/jukebox/app
detected binary path: /srv/jukebox/app/venv/bin/uwsgi
!!! no internal routing support, rebuild with pcre support !!!
chdir() to /srv/jukebox/app
your processes number limit is 15856
your memory page size is 16384 bytes
detected max file descriptor number: 1024
lock engine: pthread robust mutexes
thunder lock: disabled (you can enable it with --thunder-lock)
uwsgi socket 0 bound to UNIX address /srv/jukebox/socket/uwsgi.sock fd 3
Python version: 3.11.2 (main, Apr 28 2025, 14:11:48) [GCC 12.2.0]
Python main interpreter initialized at 0x7fff3e14fee8
python threads support enabled
your server socket listen backlog is limited to 100 connections
your mercy for graceful operations on workers is 60 seconds
mapped 667818 bytes (652 KB) for 4 cores
*** Operational MODE: preforking+threaded ***
Traceback (most recent call last):
  File "/srv/jukebox/app/wsgi.py", line 2, in <module>
    from app import app
ModuleNotFoundError: No module named 'app'
unable to load app 0 (mountpoint='') (callable not found or import error)
  File "jbox.py", line 570
    logger.debug(f'---- {func_name()}(): track state = {track_sp['state']}')
                                                                  ^^^^^
SyntaxError: f-string: unmatched '['
failed to compile jbox.py
unable to load app 0 (mountpoint='') (callable not found or import error)
*** no app loaded. going in full dynamic mode ***
*** uWSGI is running in multiple interpreter mode ***
spawned uWSGI master process (pid: 2860)
spawned uWSGI worker 1 (pid: 2861, cores: 2)
spawned uWSGI worker 2 (pid: 2862, cores: 2)
Fri Feb  6 21:41:08 2026 - mem-collector thread started for worker 1
Fri Feb  6 21:41:08 2026 - mem-collector thread started for worker 2
SIGINT/SIGTERM received...killing workers...
worker 1 buried after 1 seconds
worker 2 buried after 1 seconds
goodbye to uWSGI.
VACUUM: unix socket /srv/jukebox/socket/uwsgi.sock removed.
*** Starting uWSGI 2.0.31 (64bit) on [Fri Feb  6 21:41:26 2026] ***
compiled with version: 12.2.0 on 02 February 2026 21:34:42
os: Linux-6.12.62+rpt-rpi-2712 #1 SMP PREEMPT Debian 1:6.12.62-1+rpt1~bookworm (2026-01-19)
nodename: jukebox
machine: aarch64
clock source: unix
detected number of CPU cores: 4
current working directory: /srv/jukebox/app
detected binary path: /srv/jukebox/app/venv/bin/uwsgi
!!! no internal routing support, rebuild with pcre support !!!
chdir() to /srv/jukebox/app
your processes number limit is 15856
your memory page size is 16384 bytes
detected max file descriptor number: 1024
lock engine: pthread robust mutexes
thunder lock: disabled (you can enable it with --thunder-lock)
uwsgi socket 0 bound to UNIX address /srv/jukebox/socket/uwsgi.sock fd 3
Python version: 3.11.2 (main, Apr 28 2025, 14:11:48) [GCC 12.2.0]
Python main interpreter initialized at 0x7fffa6dbfee8
python threads support enabled
your server socket listen backlog is limited to 100 connections
your mercy for graceful operations on workers is 60 seconds
mapped 667818 bytes (652 KB) for 4 cores
*** Operational MODE: preforking+threaded ***
Traceback (most recent call last):
  File "/srv/jukebox/app/wsgi.py", line 2, in <module>
    from app import app
ModuleNotFoundError: No module named 'app'
unable to load app 0 (mountpoint='') (callable not found or import error)
  File "jbox.py", line 570
    logger.debug(f'---- {func_name()}(): track state = {track_sp['state']}')
                                                                  ^^^^^
SyntaxError: f-string: unmatched '['
failed to compile jbox.py
unable to load app 0 (mountpoint='') (callable not found or import error)
*** no app loaded. going in full dynamic mode ***
*** uWSGI is running in multiple interpreter mode ***
spawned uWSGI master process (pid: 2889)
spawned uWSGI worker 1 (pid: 2890, cores: 2)
spawned uWSGI worker 2 (pid: 2891, cores: 2)
Fri Feb  6 21:41:26 2026 - mem-collector thread started for worker 1
Fri Feb  6 21:41:26 2026 - mem-collector thread started for worker 2
SIGINT/SIGTERM received...killing workers...
worker 1 buried after 1 seconds
worker 2 buried after 1 seconds
goodbye to uWSGI.
VACUUM: unix socket /srv/jukebox/socket/uwsgi.sock removed.
*** Starting uWSGI 2.0.31 (64bit) on [Fri Feb  6 21:46:07 2026] ***
compiled with version: 12.2.0 on 02 February 2026 21:34:42
os: Linux-6.12.62+rpt-rpi-2712 #1 SMP PREEMPT Debian 1:6.12.62-1+rpt1~bookworm (2026-01-19)
nodename: jukebox
machine: aarch64
clock source: unix
detected number of CPU cores: 4
current working directory: /srv/jukebox/app
detected binary path: /srv/jukebox/app/venv/bin/uwsgi
!!! no internal routing support, rebuild with pcre support !!!
chdir() to /srv/jukebox/app
your processes number limit is 15856
your memory page size is 16384 bytes
detected max file descriptor number: 1024
lock engine: pthread robust mutexes
thunder lock: disabled (you can enable it with --thunder-lock)
uwsgi socket 0 bound to UNIX address /srv/jukebox/socket/uwsgi.sock fd 3
Python version: 3.11.2 (main, Apr 28 2025, 14:11:48) [GCC 12.2.0]
Python main interpreter initialized at 0x7fff050afee8
python threads support enabled
your server socket listen backlog is limited to 100 connections
your mercy for graceful operations on workers is 60 seconds
mapped 667818 bytes (652 KB) for 4 cores
*** Operational MODE: preforking+threaded ***
Traceback (most recent call last):
  File "/srv/jukebox/app/wsgi.py", line 2, in <module>
    from app import app
ModuleNotFoundError: No module named 'app'
unable to load app 0 (mountpoint='') (callable not found or import error)
  File "jbox.py", line 583
    logger.debug(f'---- {func_name()}(): nothing to do until Spotify track {track_sp['title']} ends' )
                                                                                      ^^^^^
SyntaxError: f-string: unmatched '['
failed to compile jbox.py
unable to load app 0 (mountpoint='') (callable not found or import error)
*** no app loaded. going in full dynamic mode ***
*** uWSGI is running in multiple interpreter mode ***
spawned uWSGI master process (pid: 2916)
spawned uWSGI worker 1 (pid: 2917, cores: 2)
spawned uWSGI worker 2 (pid: 2918, cores: 2)
Fri Feb  6 21:46:07 2026 - mem-collector thread started for worker 1
Fri Feb  6 21:46:07 2026 - mem-collector thread started for worker 2
SIGINT/SIGTERM received...killing workers...
worker 1 buried after 1 seconds
worker 2 buried after 1 seconds
goodbye to uWSGI.
VACUUM: unix socket /srv/jukebox/socket/uwsgi.sock removed.
*** Starting uWSGI 2.0.31 (64bit) on [Fri Feb  6 21:46:55 2026] ***
compiled with version: 12.2.0 on 02 February 2026 21:34:42
os: Linux-6.12.62+rpt-rpi-2712 #1 SMP PREEMPT Debian 1:6.12.62-1+rpt1~bookworm (2026-01-19)
nodename: jukebox
machine: aarch64
clock source: unix
detected number of CPU cores: 4
current working directory: /srv/jukebox/app
detected binary path: /srv/jukebox/app/venv/bin/uwsgi
!!! no internal routing support, rebuild with pcre support !!!
chdir() to /srv/jukebox/app
your processes number limit is 15856
your memory page size is 16384 bytes
detected max file descriptor number: 1024
lock engine: pthread robust mutexes
thunder lock: disabled (you can enable it with --thunder-lock)
uwsgi socket 0 bound to UNIX address /srv/jukebox/socket/uwsgi.sock fd 3
Python version: 3.11.2 (main, Apr 28 2025, 14:11:48) [GCC 12.2.0]
Python main interpreter initialized at 0x7ffef622fee8
python threads support enabled
your server socket listen backlog is limited to 100 connections
your mercy for graceful operations on workers is 60 seconds
mapped 667818 bytes (652 KB) for 4 cores
*** Operational MODE: preforking+threaded ***
Traceback (most recent call last):
  File "/srv/jukebox/app/wsgi.py", line 2, in <module>
    from app import app
ModuleNotFoundError: No module named 'app'
unable to load app 0 (mountpoint='') (callable not found or import error)
Traceback (most recent call last):
  File "jbox.py", line 32, in <module>
    from flask import Flask, redirect, request, session, jsonify
ModuleNotFoundError: No module named 'flask'
unable to load app 0 (mountpoint='') (callable not found or import error)
*** no app loaded. going in full dynamic mode ***
*** uWSGI is running in multiple interpreter mode ***
spawned uWSGI master process (pid: 2929)
spawned uWSGI worker 1 (pid: 2930, cores: 2)
spawned uWSGI worker 2 (pid: 2931, cores: 2)
Fri Feb  6 21:46:55 2026 - mem-collector thread started for worker 1
Fri Feb  6 21:46:55 2026 - mem-collector thread started for worker 2
SIGINT/SIGTERM received...killing workers...
worker 1 buried after 1 seconds
worker 2 buried after 1 seconds
goodbye to uWSGI.
VACUUM: unix socket /srv/jukebox/socket/uwsgi.sock removed.
*** Starting uWSGI 2.0.31 (64bit) on [Fri Feb  6 21:49:56 2026] ***
compiled with version: 12.2.0 on 02 February 2026 21:34:42
os: Linux-6.12.62+rpt-rpi-2712 #1 SMP PREEMPT Debian 1:6.12.62-1+rpt1~bookworm (2026-01-19)
nodename: jukebox
machine: aarch64
clock source: unix
detected number of CPU cores: 4
current working directory: /srv/jukebox/app
detected binary path: /srv/jukebox/app/venv/bin/uwsgi
!!! no internal routing support, rebuild with pcre support !!!
chdir() to /srv/jukebox/app
your processes number limit is 15856
your memory page size is 16384 bytes
detected max file descriptor number: 1024
lock engine: pthread robust mutexes
thunder lock: disabled (you can enable it with --thunder-lock)
uwsgi socket 0 bound to UNIX address /srv/jukebox/socket/uwsgi.sock fd 3
Python version: 3.11.2 (main, Apr 28 2025, 14:11:48) [GCC 12.2.0]
Python main interpreter initialized at 0x7fffa9e1fee8
python threads support enabled
your server socket listen backlog is limited to 100 connections
your mercy for graceful operations on workers is 60 seconds
mapped 667818 bytes (652 KB) for 4 cores
*** Operational MODE: preforking+threaded ***
Traceback (most recent call last):
  File "/srv/jukebox/app/wsgi.py", line 2, in <module>
    from app import app
ModuleNotFoundError: No module named 'app'
unable to load app 0 (mountpoint='') (callable not found or import error)
Traceback (most recent call last):
  File "jbox.py", line 33, in <module>
    from flask_session import Session
ModuleNotFoundError: No module named 'flask_session'
unable to load app 0 (mountpoint='') (callable not found or import error)
*** no app loaded. going in full dynamic mode ***
*** uWSGI is running in multiple interpreter mode ***
spawned uWSGI master process (pid: 3046)
spawned uWSGI worker 1 (pid: 3047, cores: 2)
Fri Feb  6 21:49:56 2026 - mem-collector thread started for worker 1
spawned uWSGI worker 2 (pid: 3049, cores: 2)
Fri Feb  6 21:49:56 2026 - mem-collector thread started for worker 2
SIGINT/SIGTERM received...killing workers...
worker 1 buried after 1 seconds
worker 2 buried after 1 seconds
goodbye to uWSGI.
VACUUM: unix socket /srv/jukebox/socket/uwsgi.sock removed.
*** Starting uWSGI 2.0.31 (64bit) on [Fri Feb  6 21:52:03 2026] ***
compiled with version: 12.2.0 on 02 February 2026 21:34:42
os: Linux-6.12.62+rpt-rpi-2712 #1 SMP PREEMPT Debian 1:6.12.62-1+rpt1~bookworm (2026-01-19)
nodename: jukebox
machine: aarch64
clock source: unix
detected number of CPU cores: 4
current working directory: /srv/jukebox/app
detected binary path: /srv/jukebox/app/venv/bin/uwsgi
!!! no internal routing support, rebuild with pcre support !!!
chdir() to /srv/jukebox/app
your processes number limit is 15856
your memory page size is 16384 bytes
detected max file descriptor number: 1024
lock engine: pthread robust mutexes
thunder lock: disabled (you can enable it with --thunder-lock)
uwsgi socket 0 bound to UNIX address /srv/jukebox/socket/uwsgi.sock fd 3
Python version: 3.11.2 (main, Apr 28 2025, 14:11:48) [GCC 12.2.0]
Python main interpreter initialized at 0x7ffeedd2fee8
python threads support enabled
your server socket listen backlog is limited to 100 connections
your mercy for graceful operations on workers is 60 seconds
mapped 667818 bytes (652 KB) for 4 cores
*** Operational MODE: preforking+threaded ***
Traceback (most recent call last):
  File "/srv/jukebox/app/jbox.py", line 33, in <module>
    from flask_session import Session
ModuleNotFoundError: No module named 'flask_session'
unable to load app 0 (mountpoint='') (callable not found or import error)
Traceback (most recent call last):
  File "jbox.py", line 33, in <module>
    from flask_session import Session
ModuleNotFoundError: No module named 'flask_session'
unable to load app 0 (mountpoint='') (callable not found or import error)
*** no app loaded. going in full dynamic mode ***
*** uWSGI is running in multiple interpreter mode ***
spawned uWSGI master process (pid: 3087)
spawned uWSGI worker 1 (pid: 3089, cores: 2)
spawned uWSGI worker 2 (pid: 3091, cores: 2)
Fri Feb  6 21:52:03 2026 - mem-collector thread started for worker 1
Fri Feb  6 21:52:03 2026 - mem-collector thread started for worker 2
SIGINT/SIGTERM received...killing workers...
worker 1 buried after 1 seconds
worker 2 buried after 1 seconds
goodbye to uWSGI.
VACUUM: unix socket /srv/jukebox/socket/uwsgi.sock removed.
*** Starting uWSGI 2.0.31 (64bit) on [Fri Feb  6 21:52:40 2026] ***
compiled with version: 12.2.0 on 02 February 2026 21:34:42
os: Linux-6.12.62+rpt-rpi-2712 #1 SMP PREEMPT Debian 1:6.12.62-1+rpt1~bookworm (2026-01-19)
nodename: jukebox
machine: aarch64
clock source: unix
detected number of CPU cores: 4
current working directory: /srv/jukebox/app
detected binary path: /srv/jukebox/app/venv/bin/uwsgi
!!! no internal routing support, rebuild with pcre support !!!
chdir() to /srv/jukebox/app
your processes number limit is 15856
your memory page size is 16384 bytes
detected max file descriptor number: 1024
lock engine: pthread robust mutexes
thunder lock: disabled (you can enable it with --thunder-lock)
uwsgi socket 0 bound to UNIX address /srv/jukebox/socket/uwsgi.sock fd 3
Python version: 3.11.2 (main, Apr 28 2025, 14:11:48) [GCC 12.2.0]
Python main interpreter initialized at 0x7ffefe60fee8
python threads support enabled
your server socket listen backlog is limited to 100 connections
your mercy for graceful operations on workers is 60 seconds
mapped 667818 bytes (652 KB) for 4 cores
*** Operational MODE: preforking+threaded ***
Traceback (most recent call last):
  File "/srv/jukebox/app/jbox.py", line 34, in <module>
    from flask_apscheduler import APScheduler
ModuleNotFoundError: No module named 'flask_apscheduler'
unable to load app 0 (mountpoint='') (callable not found or import error)
Traceback (most recent call last):
  File "jbox.py", line 34, in <module>
    from flask_apscheduler import APScheduler
ModuleNotFoundError: No module named 'flask_apscheduler'
unable to load app 0 (mountpoint='') (callable not found or import error)
*** no app loaded. going in full dynamic mode ***
*** uWSGI is running in multiple interpreter mode ***
spawned uWSGI master process (pid: 3116)
spawned uWSGI worker 1 (pid: 3117, cores: 2)
Fri Feb  6 21:52:40 2026 - mem-collector thread started for worker 1
spawned uWSGI worker 2 (pid: 3119, cores: 2)
Fri Feb  6 21:52:40 2026 - mem-collector thread started for worker 2
SIGINT/SIGTERM received...killing workers...
worker 1 buried after 1 seconds
worker 2 buried after 1 seconds
goodbye to uWSGI.
VACUUM: unix socket /srv/jukebox/socket/uwsgi.sock removed.
*** Starting uWSGI 2.0.31 (64bit) on [Fri Feb  6 21:55:08 2026] ***
compiled with version: 12.2.0 on 02 February 2026 21:34:42
os: Linux-6.12.62+rpt-rpi-2712 #1 SMP PREEMPT Debian 1:6.12.62-1+rpt1~bookworm (2026-01-19)
nodename: jukebox
machine: aarch64
clock source: unix
detected number of CPU cores: 4
current working directory: /srv/jukebox/app
detected binary path: /srv/jukebox/app/venv/bin/uwsgi
!!! no internal routing support, rebuild with pcre support !!!
chdir() to /srv/jukebox/app
your processes number limit is 15856
your memory page size is 16384 bytes
detected max file descriptor number: 1024
lock engine: pthread robust mutexes
thunder lock: disabled (you can enable it with --thunder-lock)
uwsgi socket 0 bound to UNIX address /srv/jukebox/socket/uwsgi.sock fd 3
Python version: 3.11.2 (main, Apr 28 2025, 14:11:48) [GCC 12.2.0]
Python main interpreter initialized at 0x7fff1e02fee8
python threads support enabled
your server socket listen backlog is limited to 100 connections
your mercy for graceful operations on workers is 60 seconds
mapped 667818 bytes (652 KB) for 4 cores
*** Operational MODE: preforking+threaded ***
Traceback (most recent call last):
  File "/srv/jukebox/app/jbox.py", line 37, in <module>
    import json, requests
ModuleNotFoundError: No module named 'requests'
unable to load app 0 (mountpoint='') (callable not found or import error)
Traceback (most recent call last):
  File "jbox.py", line 37, in <module>
    import json, requests
ModuleNotFoundError: No module named 'requests'
unable to load app 0 (mountpoint='') (callable not found or import error)
*** no app loaded. going in full dynamic mode ***
*** uWSGI is running in multiple interpreter mode ***
spawned uWSGI master process (pid: 3148)
spawned uWSGI worker 1 (pid: 3150, cores: 2)
Fri Feb  6 21:55:08 2026 - mem-collector thread started for worker 1
spawned uWSGI worker 2 (pid: 3152, cores: 2)
Fri Feb  6 21:55:08 2026 - mem-collector thread started for worker 2
SIGINT/SIGTERM received...killing workers...
worker 1 buried after 1 seconds
worker 2 buried after 1 seconds
goodbye to uWSGI.
VACUUM: unix socket /srv/jukebox/socket/uwsgi.sock removed.
*** Starting uWSGI 2.0.31 (64bit) on [Fri Feb  6 21:55:47 2026] ***
compiled with version: 12.2.0 on 02 February 2026 21:34:42
os: Linux-6.12.62+rpt-rpi-2712 #1 SMP PREEMPT Debian 1:6.12.62-1+rpt1~bookworm (2026-01-19)
nodename: jukebox
machine: aarch64
clock source: unix
detected number of CPU cores: 4
current working directory: /srv/jukebox/app
detected binary path: /srv/jukebox/app/venv/bin/uwsgi
!!! no internal routing support, rebuild with pcre support !!!
chdir() to /srv/jukebox/app
your processes number limit is 15856
your memory page size is 16384 bytes
detected max file descriptor number: 1024
lock engine: pthread robust mutexes
thunder lock: disabled (you can enable it with --thunder-lock)
uwsgi socket 0 bound to UNIX address /srv/jukebox/socket/uwsgi.sock fd 3
Python version: 3.11.2 (main, Apr 28 2025, 14:11:48) [GCC 12.2.0]
Python main interpreter initialized at 0x7fffb0b7fee8
python threads support enabled
your server socket listen backlog is limited to 100 connections
your mercy for graceful operations on workers is 60 seconds
mapped 667818 bytes (652 KB) for 4 cores
*** Operational MODE: preforking+threaded ***
Traceback (most recent call last):
  File "/srv/jukebox/app/jbox.py", line 39, in <module>
    from jboxspotifyfunctions import jboxSpotify
  File "/srv/jukebox/app/jboxspotifyfunctions.py", line 14, in <module>
    import spotipy
ModuleNotFoundError: No module named 'spotipy'
unable to load app 0 (mountpoint='') (callable not found or import error)
Traceback (most recent call last):
  File "jbox.py", line 39, in <module>
    from jboxspotifyfunctions import jboxSpotify
  File "/srv/jukebox/app/jboxspotifyfunctions.py", line 14, in <module>
    import spotipy
ModuleNotFoundError: No module named 'spotipy'
unable to load app 0 (mountpoint='') (callable not found or import error)
*** no app loaded. going in full dynamic mode ***
*** uWSGI is running in multiple interpreter mode ***
spawned uWSGI master process (pid: 3181)
spawned uWSGI worker 1 (pid: 3182, cores: 2)
Fri Feb  6 21:55:47 2026 - mem-collector thread started for worker 1
spawned uWSGI worker 2 (pid: 3184, cores: 2)
Fri Feb  6 21:55:47 2026 - mem-collector thread started for worker 2
SIGINT/SIGTERM received...killing workers...
worker 1 buried after 1 seconds
worker 2 buried after 1 seconds
goodbye to uWSGI.
VACUUM: unix socket /srv/jukebox/socket/uwsgi.sock removed.
*** Starting uWSGI 2.0.31 (64bit) on [Fri Feb  6 21:58:34 2026] ***
compiled with version: 12.2.0 on 02 February 2026 21:34:42
os: Linux-6.12.62+rpt-rpi-2712 #1 SMP PREEMPT Debian 1:6.12.62-1+rpt1~bookworm (2026-01-19)
nodename: jukebox
machine: aarch64
clock source: unix
detected number of CPU cores: 4
current working directory: /srv/jukebox/app
detected binary path: /srv/jukebox/app/venv/bin/uwsgi
!!! no internal routing support, rebuild with pcre support !!!
chdir() to /srv/jukebox/app
your processes number limit is 15856
your memory page size is 16384 bytes
detected max file descriptor number: 1024
lock engine: pthread robust mutexes
thunder lock: disabled (you can enable it with --thunder-lock)
uwsgi socket 0 bound to UNIX address /srv/jukebox/socket/uwsgi.sock fd 3
Python version: 3.11.2 (main, Apr 28 2025, 14:11:48) [GCC 12.2.0]
Python main interpreter initialized at 0x7fff73c8fee8
python threads support enabled
your server socket listen backlog is limited to 100 connections
your mercy for graceful operations on workers is 60 seconds
mapped 667818 bytes (652 KB) for 4 cores
*** Operational MODE: preforking+threaded ***
Traceback (most recent call last):
  File "/srv/jukebox/app/jbox.py", line 43, in <module>
    from jboxadmin import admin_route
  File "/srv/jukebox/app/jboxadmin.py", line 255
    webdata = webdata + f'<div class="jukebox-title2"><a href="/admin/set_playlist?id={playlist['id']}">{playlist['name']}</a></div> '
                                                                                                 ^^
SyntaxError: f-string: unmatched '['
unable to load app 0 (mountpoint='') (callable not found or import error)
Traceback (most recent call last):
  File "jbox.py", line 43, in <module>
    from jboxadmin import admin_route
  File "/srv/jukebox/app/jboxadmin.py", line 255
    webdata = webdata + f'<div class="jukebox-title2"><a href="/admin/set_playlist?id={playlist['id']}">{playlist['name']}</a></div> '
                                                                                                 ^^
SyntaxError: f-string: unmatched '['
unable to load app 0 (mountpoint='') (callable not found or import error)
*** no app loaded. going in full dynamic mode ***
*** uWSGI is running in multiple interpreter mode ***
spawned uWSGI master process (pid: 3272)
spawned uWSGI worker 1 (pid: 3273, cores: 2)
Fri Feb  6 21:58:34 2026 - mem-collector thread started for worker 1
spawned uWSGI worker 2 (pid: 3275, cores: 2)
Fri Feb  6 21:58:34 2026 - mem-collector thread started for worker 2
SIGINT/SIGTERM received...killing workers...
worker 1 buried after 1 seconds
worker 2 buried after 1 seconds
goodbye to uWSGI.
VACUUM: unix socket /srv/jukebox/socket/uwsgi.sock removed.
*** Starting uWSGI 2.0.31 (64bit) on [Fri Feb  6 22:01:35 2026] ***
compiled with version: 12.2.0 on 02 February 2026 21:34:42
os: Linux-6.12.62+rpt-rpi-2712 #1 SMP PREEMPT Debian 1:6.12.62-1+rpt1~bookworm (2026-01-19)
nodename: jukebox
machine: aarch64
clock source: unix
detected number of CPU cores: 4
current working directory: /srv/jukebox/app
detected binary path: /srv/jukebox/app/venv/bin/uwsgi
!!! no internal routing support, rebuild with pcre support !!!
chdir() to /srv/jukebox/app
your processes number limit is 15856
your memory page size is 16384 bytes
detected max file descriptor number: 1024
lock engine: pthread robust mutexes
thunder lock: disabled (you can enable it with --thunder-lock)
uwsgi socket 0 bound to UNIX address /srv/jukebox/socket/uwsgi.sock fd 3
Python version: 3.11.2 (main, Apr 28 2025, 14:11:48) [GCC 12.2.0]
Python main interpreter initialized at 0x7fff5517fee8
python threads support enabled
your server socket listen backlog is limited to 100 connections
your mercy for graceful operations on workers is 60 seconds
mapped 667818 bytes (652 KB) for 4 cores
*** Operational MODE: preforking+threaded ***
Traceback (most recent call last):
  File "/srv/jukebox/app/jbox.py", line 43, in <module>
    from jboxadmin import admin_route
  File "/srv/jukebox/app/jboxadmin.py", line 355
    webdata = webdata + f'<div class="jukebox-title2"><a href="/admin/set_device?id={device['id']}">{device['name']}</a></div>'
                                                                                             ^^
SyntaxError: f-string: unmatched '['
unable to load app 0 (mountpoint='') (callable not found or import error)
Traceback (most recent call last):
  File "jbox.py", line 43, in <module>
    from jboxadmin import admin_route
  File "/srv/jukebox/app/jboxadmin.py", line 355
    webdata = webdata + f'<div class="jukebox-title2"><a href="/admin/set_device?id={device['id']}">{device['name']}</a></div>'
                                                                                             ^^
SyntaxError: f-string: unmatched '['
unable to load app 0 (mountpoint='') (callable not found or import error)
*** no app loaded. going in full dynamic mode ***
*** uWSGI is running in multiple interpreter mode ***
spawned uWSGI master process (pid: 3294)
spawned uWSGI worker 1 (pid: 3296, cores: 2)
Fri Feb  6 22:01:35 2026 - mem-collector thread started for worker 1
spawned uWSGI worker 2 (pid: 3298, cores: 2)
Fri Feb  6 22:01:35 2026 - mem-collector thread started for worker 2
SIGINT/SIGTERM received...killing workers...
worker 1 buried after 1 seconds
worker 2 buried after 1 seconds
goodbye to uWSGI.
VACUUM: unix socket /srv/jukebox/socket/uwsgi.sock removed.
*** Starting uWSGI 2.0.31 (64bit) on [Fri Feb  6 22:03:20 2026] ***
compiled with version: 12.2.0 on 02 February 2026 21:34:42
os: Linux-6.12.62+rpt-rpi-2712 #1 SMP PREEMPT Debian 1:6.12.62-1+rpt1~bookworm (2026-01-19)
nodename: jukebox
machine: aarch64
clock source: unix
detected number of CPU cores: 4
current working directory: /srv/jukebox/app
detected binary path: /srv/jukebox/app/venv/bin/uwsgi
!!! no internal routing support, rebuild with pcre support !!!
chdir() to /srv/jukebox/app
your processes number limit is 15856
your memory page size is 16384 bytes
detected max file descriptor number: 1024
lock engine: pthread robust mutexes
thunder lock: disabled (you can enable it with --thunder-lock)
uwsgi socket 0 bound to UNIX address /srv/jukebox/socket/uwsgi.sock fd 3
Python version: 3.11.2 (main, Apr 28 2025, 14:11:48) [GCC 12.2.0]
Python main interpreter initialized at 0x7fff9232fee8
python threads support enabled
your server socket listen backlog is limited to 100 connections
your mercy for graceful operations on workers is 60 seconds
mapped 667818 bytes (652 KB) for 4 cores
*** Operational MODE: preforking+threaded ***
WSGI app 0 (mountpoint='') ready in 0 seconds on interpreter 0x7fff9232fee8 pid: 3310 (default app)
mountpoint  already configured. skip.
*** uWSGI is running in multiple interpreter mode ***
spawned uWSGI master process (pid: 3310)
spawned uWSGI worker 1 (pid: 3311, cores: 2)
Fri Feb  6 22:03:20 2026 - mem-collector thread started for worker 1
spawned uWSGI worker 2 (pid: 3313, cores: 2)
Fri Feb  6 22:03:20 2026 - mem-collector thread started for worker 2
[pid: 3313|app: 0|req: 1/1] 127.0.0.1 () {56 vars in 1001 bytes} [Fri Feb  6 22:07:47 2026] GET /admin => generated 962 bytes in 5 msecs (HTTP/1.1 200) 2 headers in 80 bytes (1 switches on core 0)
[pid: 3313|app: 0|req: 2/2] 127.0.0.1 () {52 vars in 892 bytes} [Fri Feb  6 22:07:47 2026] GET /favicon.ico => generated 207 bytes in 1 msecs (HTTP/1.1 404) 2 headers in 87 bytes (1 switches on core 1)
[pid: 3311|app: 0|req: 1/3] 127.0.0.1 () {56 vars in 1005 bytes} [Fri Feb  6 22:13:40 2026] GET / => generated 277 bytes in 9 msecs (HTTP/1.1 200) 3 headers in 94 bytes (1 switches on core 0)
[pid: 3311|app: 0|req: 2/4] 127.0.0.1 () {54 vars in 970 bytes} [Fri Feb  6 22:13:47 2026] GET /admin => generated 962 bytes in 1 msecs (HTTP/1.1 200) 2 headers in 80 bytes (1 switches on core 1)
[pid: 3313|app: 0|req: 3/5] 127.0.0.1 () {56 vars in 1005 bytes} [Fri Feb  6 22:14:06 2026] GET / => generated 277 bytes in 4 msecs (HTTP/1.1 200) 3 headers in 94 bytes (2 switches on core 0)
